<?xml version="1.0" encoding="UTF-8"?>
<testng-results ignored="0" total="3" passed="2" failed="1" skipped="0">
  <reporter-output>
  </reporter-output>
  <suite started-at="2021-09-01T22:07:18 CDT" name="SuiteSearch" finished-at="2021-09-01T22:07:54 CDT" duration-ms="35907">
    <groups>
    </groups>
    <test started-at="2021-09-01T22:07:18 CDT" name="Search Blouses" finished-at="2021-09-01T22:07:28 CDT" duration-ms="9555">
      <class name="com.reportsExample.qs.SearchBlouses">
        <test-method is-config="true" signature="beforeClass()[pri:0, instance:com.reportsExample.qs.SearchBlouses@58a90037]" started-at="2021-09-01T22:07:18 CDT" name="beforeClass" finished-at="2021-09-01T22:07:26 CDT" duration-ms="7554" status="PASS">
          <reporter-output>
          </reporter-output>
        </test-method> <!-- beforeClass -->
        <test-method signature="search_Blouses()[pri:0, instance:com.reportsExample.qs.SearchBlouses@58a90037]" started-at="2021-09-01T22:07:26 CDT" name="search_Blouses" finished-at="2021-09-01T22:07:28 CDT" duration-ms="1919" status="FAIL">
          <exception class="java.lang.AssertionError">
            <message>
              <![CDATA[
expected: "10 result has been found."
 but was: "1 result has been found."]]>
            </message>
            <full-stacktrace>
              <![CDATA[java.lang.AssertionError: 
expected: "10 result has been found."
 but was: "1 result has been found."
at com.reportsExample.qs.SearchBlouses.search_Blouses(SearchBlouses.java:41)
at java.base/jdk.internal.reflect.NativeMethodAccessorImpl.invoke0(Native Method)
at java.base/jdk.internal.reflect.NativeMethodAccessorImpl.invoke(NativeMethodAccessorImpl.java:64)
at java.base/jdk.internal.reflect.DelegatingMethodAccessorImpl.invoke(DelegatingMethodAccessorImpl.java:43)
at java.base/java.lang.reflect.Method.invoke(Method.java:564)
at org.testng.internal.MethodInvocationHelper.invokeMethod(MethodInvocationHelper.java:133)
at org.testng.internal.TestInvoker.invokeMethod(TestInvoker.java:598)
at org.testng.internal.TestInvoker.invokeTestMethod(TestInvoker.java:173)
at org.testng.internal.MethodRunner.runInSequence(MethodRunner.java:46)
at org.testng.internal.TestInvoker$MethodInvocationAgent.invoke(TestInvoker.java:824)
at org.testng.internal.TestInvoker.invokeTestMethods(TestInvoker.java:146)
at org.testng.internal.TestMethodWorker.invokeTestMethods(TestMethodWorker.java:146)
at org.testng.internal.TestMethodWorker.run(TestMethodWorker.java:128)
at java.base/java.util.ArrayList.forEach(ArrayList.java:1511)
at org.testng.TestRunner.privateRun(TestRunner.java:794)
at org.testng.TestRunner.run(TestRunner.java:596)
at org.testng.SuiteRunner.runTest(SuiteRunner.java:377)
at org.testng.SuiteRunner.runSequentially(SuiteRunner.java:371)
at org.testng.SuiteRunner.privateRun(SuiteRunner.java:332)
at org.testng.SuiteRunner.run(SuiteRunner.java:276)
at org.testng.SuiteRunnerWorker.runSuite(SuiteRunnerWorker.java:53)
at org.testng.SuiteRunnerWorker.run(SuiteRunnerWorker.java:96)
at org.testng.TestNG.runSuitesSequentially(TestNG.java:1212)
at org.testng.TestNG.runSuitesLocally(TestNG.java:1134)
at org.testng.TestNG.runSuites(TestNG.java:1063)
at org.testng.TestNG.run(TestNG.java:1031)
at com.intellij.rt.testng.IDEARemoteTestNG.run(IDEARemoteTestNG.java:66)
at com.intellij.rt.testng.RemoteTestNGStarter.main(RemoteTestNGStarter.java:109)
]]>
            </full-stacktrace>
          </exception> <!-- java.lang.AssertionError -->
          <reporter-output>
          </reporter-output>
        </test-method> <!-- search_Blouses -->
        <test-method is-config="true" signature="afterClass()[pri:0, instance:com.reportsExample.qs.SearchBlouses@58a90037]" started-at="2021-09-01T22:07:28 CDT" name="afterClass" finished-at="2021-09-01T22:07:28 CDT" duration-ms="1" status="PASS">
          <reporter-output>
          </reporter-output>
        </test-method> <!-- afterClass -->
      </class> <!-- com.reportsExample.qs.SearchBlouses -->
    </test> <!-- Search Blouses -->
    <test started-at="2021-09-01T22:07:33 CDT" name="Search Summer Dresses" finished-at="2021-09-01T22:07:41 CDT" duration-ms="8397">
      <class name="com.reportsExample.qs.SearchSummerDresses">
        <test-method is-config="true" signature="beforeClass()[pri:0, instance:com.reportsExample.qs.SearchSummerDresses@37574691]" started-at="2021-09-01T22:07:33 CDT" name="beforeClass" finished-at="2021-09-01T22:07:39 CDT" duration-ms="6261" status="PASS">
          <reporter-output>
          </reporter-output>
        </test-method> <!-- beforeClass -->
        <test-method signature="search_SummerDresses()[pri:0, instance:com.reportsExample.qs.SearchSummerDresses@37574691]" started-at="2021-09-01T22:07:39 CDT" name="search_SummerDresses" finished-at="2021-09-01T22:07:41 CDT" duration-ms="2133" status="PASS">
          <reporter-output>
          </reporter-output>
        </test-method> <!-- search_SummerDresses -->
        <test-method is-config="true" signature="afterClass()[pri:0, instance:com.reportsExample.qs.SearchSummerDresses@37574691]" started-at="2021-09-01T22:07:41 CDT" name="afterClass" finished-at="2021-09-01T22:07:41 CDT" duration-ms="1" status="PASS">
          <reporter-output>
          </reporter-output>
        </test-method> <!-- afterClass -->
      </class> <!-- com.reportsExample.qs.SearchSummerDresses -->
    </test> <!-- Search Summer Dresses -->
    <test started-at="2021-09-01T22:07:46 CDT" name="Search Chiffon Dresses" finished-at="2021-09-01T22:07:54 CDT" duration-ms="7857">
      <class name="com.reportsExample.qs.SearchChiffonDresses">
        <test-method is-config="true" signature="beforeClass()[pri:0, instance:com.reportsExample.qs.SearchChiffonDresses@6a396c1e]" started-at="2021-09-01T22:07:46 CDT" name="beforeClass" finished-at="2021-09-01T22:07:52 CDT" duration-ms="5557" status="PASS">
          <reporter-output>
          </reporter-output>
        </test-method> <!-- beforeClass -->
        <test-method signature="search_ChiffonDresses()[pri:0, instance:com.reportsExample.qs.SearchChiffonDresses@6a396c1e]" started-at="2021-09-01T22:07:52 CDT" name="search_ChiffonDresses" finished-at="2021-09-01T22:07:54 CDT" duration-ms="2292" status="PASS">
          <reporter-output>
          </reporter-output>
        </test-method> <!-- search_ChiffonDresses -->
        <test-method is-config="true" signature="afterClass()[pri:0, instance:com.reportsExample.qs.SearchChiffonDresses@6a396c1e]" started-at="2021-09-01T22:07:54 CDT" name="afterClass" finished-at="2021-09-01T22:07:54 CDT" duration-ms="2" status="PASS">
          <reporter-output>
          </reporter-output>
        </test-method> <!-- afterClass -->
      </class> <!-- com.reportsExample.qs.SearchChiffonDresses -->
    </test> <!-- Search Chiffon Dresses -->
  </suite> <!-- SuiteSearch -->
</testng-results>
